# JRE version: Java(TM) SE Runtime Environment (21.0.6+8) (build 21.0.6+8-LTS-188)
# Java VM: Java HotSpot(TM) 64-Bit Server VM (21.0.6+8-LTS-188, mixed mode, emulated-client, sharing, tiered, compressed oops, compressed class ptrs, g1 gc, windows-amd64)
GC Precious Log:
 CardTable entry size: 512
 Card Set container configuration: InlinePtr #cards 4 size 8 Array Of Cards #cards 64 size 144 Howl #buckets 8 coarsen threshold 14745 Howl Bitmap #cards 2048 size 272 coarsen threshold 1843 Card regions per heap region 1 cards per card region 16384
 CPUs: 32 total, 32 available
 Memory: 48987M
 Large Page Support: Disabled
 NUMA Support: Disabled
 Compressed Oops: Enabled (Zero based)
 Heap Region Size: 8M
 Heap Min Capacity: 8M
 Heap Initial Capacity: 768M
 Heap Max Capacity: 12248M
 Pre-touch: Disabled
 Parallel Workers: 23
 Concurrent Workers: 6
 Concurrent Refinement Workers: 23
 Periodic GC: Disabled
Heap:
 garbage-first heap   total 278528K, used 110193K [0x0000000502800000, 0x0000000800000000)
  region size 8192K, 10 young (81920K), 2 survivors (16384K)
 Metaspace       used 24319K, committed 25920K, reserved 1114112K
  class space    used 3556K, committed 4288K, reserved 1048576K
GC Heap History (14 events):
Event: 0.241 GC heap before
{Heap before GC invocations=0 (full 0):
 garbage-first heap   total 786432K, used 32768K [0x0000000502800000, 0x0000000800000000)
  region size 8192K, 4 young (32768K), 0 survivors (0K)
 Metaspace       used 3807K, committed 4032K, reserved 1114112K
  class space    used 435K, committed 512K, reserved 1048576K
}
Event: 0.246 GC heap after
{Heap after GC invocations=1 (full 0):
 garbage-first heap   total 786432K, used 16384K [0x0000000502800000, 0x0000000800000000)
  region size 8192K, 1 young (8192K), 1 survivors (8192K)
 Metaspace       used 3807K, committed 4032K, reserved 1114112K
  class space    used 435K, committed 512K, reserved 1048576K
}
Event: 0.285 GC heap before
{Heap before GC invocations=1 (full 0):
 garbage-first heap   total 786432K, used 24576K [0x0000000502800000, 0x0000000800000000)
  region size 8192K, 3 young (24576K), 1 survivors (8192K)
 Metaspace       used 3808K, committed 4032K, reserved 1114112K
  class space    used 435K, committed 512K, reserved 1048576K
}
Event: 0.289 GC heap after
{Heap after GC invocations=2 (full 0):
 garbage-first heap   total 786432K, used 27326K [0x0000000502800000, 0x0000000800000000)
  region size 8192K, 1 young (8192K), 1 survivors (8192K)
 Metaspace       used 3808K, committed 4032K, reserved 1114112K
  class space    used 435K, committed 512K, reserved 1048576K
}
Event: 0.353 GC heap before
{Heap before GC invocations=3 (full 0):
 garbage-first heap   total 139264K, used 51902K [0x0000000502800000, 0x0000000800000000)
  region size 8192K, 4 young (32768K), 1 survivors (8192K)
 Metaspace       used 4073K, committed 4352K, reserved 1114112K
  class space    used 485K, committed 640K, reserved 1048576K
}
Event: 0.355 GC heap after
{Heap after GC invocations=4 (full 0):
 garbage-first heap   total 139264K, used 32869K [0x0000000502800000, 0x0000000800000000)
  region size 8192K, 1 young (8192K), 1 survivors (8192K)
 Metaspace       used 4073K, committed 4352K, reserved 1114112K
  class space    used 485K, committed 640K, reserved 1048576K
}
Event: 0.397 GC heap before
{Heap before GC invocations=4 (full 0):
 garbage-first heap   total 139264K, used 65637K [0x0000000502800000, 0x0000000800000000)
  region size 8192K, 5 young (40960K), 1 survivors (8192K)
 Metaspace       used 4073K, committed 4352K, reserved 1114112K
  class space    used 485K, committed 640K, reserved 1048576K
}
Event: 0.399 GC heap after
{Heap after GC invocations=5 (full 0):
 garbage-first heap   total 139264K, used 37743K [0x0000000502800000, 0x0000000800000000)
  region size 8192K, 1 young (8192K), 1 survivors (8192K)
 Metaspace       used 4073K, committed 4352K, reserved 1114112K
  class space    used 485K, committed 640K, reserved 1048576K
}
Event: 0.515 GC heap before
{Heap before GC invocations=5 (full 0):
 garbage-first heap   total 139264K, used 78703K [0x0000000502800000, 0x0000000800000000)
  region size 8192K, 6 young (49152K), 1 survivors (8192K)
 Metaspace       used 6702K, committed 7104K, reserved 1114112K
  class space    used 829K, committed 1024K, reserved 1048576K
}
Event: 0.518 GC heap after
{Heap after GC invocations=6 (full 0):
 garbage-first heap   total 466944K, used 43681K [0x0000000502800000, 0x0000000800000000)
  region size 8192K, 1 young (8192K), 1 survivors (8192K)
 Metaspace       used 6702K, committed 7104K, reserved 1114112K
  class space    used 829K, committed 1024K, reserved 1048576K
}
Event: 0.970 GC heap before
{Heap before GC invocations=6 (full 0):
 garbage-first heap   total 466944K, used 158369K [0x0000000502800000, 0x0000000800000000)
  region size 8192K, 15 young (122880K), 1 survivors (8192K)
 Metaspace       used 17374K, committed 17856K, reserved 1114112K
  class space    used 2282K, committed 2496K, reserved 1048576K
}
Event: 0.975 GC heap after
{Heap after GC invocations=7 (full 0):
 garbage-first heap   total 466944K, used 51034K [0x0000000502800000, 0x0000000800000000)
  region size 8192K, 2 young (16384K), 2 survivors (16384K)
 Metaspace       used 17374K, committed 17856K, reserved 1114112K
  class space    used 2282K, committed 2496K, reserved 1048576K
}
Event: 1.029 GC heap before
{Heap before GC invocations=7 (full 0):
 garbage-first heap   total 466944K, used 67418K [0x0000000502800000, 0x0000000800000000)
  region size 8192K, 6 young (49152K), 2 survivors (16384K)
 Metaspace       used 19912K, committed 20736K, reserved 1114112K
  class space    used 2733K, committed 3136K, reserved 1048576K
}
Event: 1.031 GC heap after
{Heap after GC invocations=8 (full 0):
 garbage-first heap   total 466944K, used 52849K [0x0000000502800000, 0x0000000800000000)
  region size 8192K, 2 young (16384K), 2 survivors (16384K)
 Metaspace       used 19912K, committed 20736K, reserved 1114112K
  class space    used 2733K, committed 3136K, reserved 1048576K
}

