# JRE version: Java(TM) SE Runtime Environment (21.0.6+8) (build 21.0.6+8-LTS-188)
# Java VM: Java HotSpot(TM) 64-Bit Server VM (21.0.6+8-LTS-188, mixed mode, emulated-client, sharing, tiered, compressed oops, compressed class ptrs, g1 gc, windows-amd64)
GC Precious Log:
 CardTable entry size: 512
 Card Set container configuration: InlinePtr #cards 4 size 8 Array Of Cards #cards 64 size 144 Howl #buckets 8 coarsen threshold 14745 Howl Bitmap #cards 2048 size 272 coarsen threshold 1843 Card regions per heap region 1 cards per card region 16384
 CPUs: 32 total, 32 available
 Memory: 48987M
 Large Page Support: Disabled
 NUMA Support: Disabled
 Compressed Oops: Enabled (Zero based)
 Heap Region Size: 8M
 Heap Min Capacity: 8M
 Heap Initial Capacity: 768M
 Heap Max Capacity: 12248M
 Pre-touch: Disabled
 Parallel Workers: 23
 Concurrent Workers: 6
 Concurrent Refinement Workers: 23
 Periodic GC: Disabled
Heap:
 garbage-first heap   total 278528K, used 110064K [0x0000000502800000, 0x0000000800000000)
  region size 8192K, 10 young (81920K), 2 survivors (16384K)
 Metaspace       used 24313K, committed 25792K, reserved 1114112K
  class space    used 3537K, committed 4224K, reserved 1048576K
GC Heap History (14 events):
Event: 0.234 GC heap before
{Heap before GC invocations=0 (full 0):
 garbage-first heap   total 786432K, used 32768K [0x0000000502800000, 0x0000000800000000)
  region size 8192K, 4 young (32768K), 0 survivors (0K)
 Metaspace       used 3807K, committed 4032K, reserved 1114112K
  class space    used 435K, committed 512K, reserved 1048576K
}
Event: 0.238 GC heap after
{Heap after GC invocations=1 (full 0):
 garbage-first heap   total 786432K, used 16155K [0x0000000502800000, 0x0000000800000000)
  region size 8192K, 1 young (8192K), 1 survivors (8192K)
 Metaspace       used 3807K, committed 4032K, reserved 1114112K
  class space    used 435K, committed 512K, reserved 1048576K
}
Event: 0.278 GC heap before
{Heap before GC invocations=1 (full 0):
 garbage-first heap   total 786432K, used 24347K [0x0000000502800000, 0x0000000800000000)
  region size 8192K, 3 young (24576K), 1 survivors (8192K)
 Metaspace       used 3808K, committed 4032K, reserved 1114112K
  class space    used 435K, committed 512K, reserved 1048576K
}
Event: 0.282 GC heap after
{Heap after GC invocations=2 (full 0):
 garbage-first heap   total 786432K, used 27611K [0x0000000502800000, 0x0000000800000000)
  region size 8192K, 1 young (8192K), 1 survivors (8192K)
 Metaspace       used 3808K, committed 4032K, reserved 1114112K
  class space    used 435K, committed 512K, reserved 1048576K
}
Event: 0.344 GC heap before
{Heap before GC invocations=3 (full 0):
 garbage-first heap   total 139264K, used 52187K [0x0000000502800000, 0x0000000800000000)
  region size 8192K, 4 young (32768K), 1 survivors (8192K)
 Metaspace       used 4073K, committed 4352K, reserved 1114112K
  class space    used 485K, committed 640K, reserved 1048576K
}
Event: 0.347 GC heap after
{Heap after GC invocations=4 (full 0):
 garbage-first heap   total 139264K, used 32884K [0x0000000502800000, 0x0000000800000000)
  region size 8192K, 1 young (8192K), 1 survivors (8192K)
 Metaspace       used 4073K, committed 4352K, reserved 1114112K
  class space    used 485K, committed 640K, reserved 1048576K
}
Event: 0.390 GC heap before
{Heap before GC invocations=4 (full 0):
 garbage-first heap   total 139264K, used 65652K [0x0000000502800000, 0x0000000800000000)
  region size 8192K, 5 young (40960K), 1 survivors (8192K)
 Metaspace       used 4073K, committed 4352K, reserved 1114112K
  class space    used 485K, committed 640K, reserved 1048576K
}
Event: 0.393 GC heap after
{Heap after GC invocations=5 (full 0):
 garbage-first heap   total 139264K, used 37606K [0x0000000502800000, 0x0000000800000000)
  region size 8192K, 1 young (8192K), 1 survivors (8192K)
 Metaspace       used 4073K, committed 4352K, reserved 1114112K
  class space    used 485K, committed 640K, reserved 1048576K
}
Event: 0.508 GC heap before
{Heap before GC invocations=5 (full 0):
 garbage-first heap   total 139264K, used 78566K [0x0000000502800000, 0x0000000800000000)
  region size 8192K, 6 young (49152K), 1 survivors (8192K)
 Metaspace       used 6701K, committed 7104K, reserved 1114112K
  class space    used 828K, committed 1024K, reserved 1048576K
}
Event: 0.511 GC heap after
{Heap after GC invocations=6 (full 0):
 garbage-first heap   total 466944K, used 43142K [0x0000000502800000, 0x0000000800000000)
  region size 8192K, 1 young (8192K), 1 survivors (8192K)
 Metaspace       used 6701K, committed 7104K, reserved 1114112K
  class space    used 828K, committed 1024K, reserved 1048576K
}
Event: 0.958 GC heap before
{Heap before GC invocations=6 (full 0):
 garbage-first heap   total 466944K, used 157830K [0x0000000502800000, 0x0000000800000000)
  region size 8192K, 15 young (122880K), 1 survivors (8192K)
 Metaspace       used 17336K, committed 17792K, reserved 1114112K
  class space    used 2258K, committed 2432K, reserved 1048576K
}
Event: 0.962 GC heap after
{Heap after GC invocations=7 (full 0):
 garbage-first heap   total 466944K, used 50929K [0x0000000502800000, 0x0000000800000000)
  region size 8192K, 2 young (16384K), 2 survivors (16384K)
 Metaspace       used 17336K, committed 17792K, reserved 1114112K
  class space    used 2258K, committed 2432K, reserved 1048576K
}
Event: 1.014 GC heap before
{Heap before GC invocations=7 (full 0):
 garbage-first heap   total 466944K, used 67313K [0x0000000502800000, 0x0000000800000000)
  region size 8192K, 6 young (49152K), 2 survivors (16384K)
 Metaspace       used 19715K, committed 20544K, reserved 1114112K
  class space    used 2694K, committed 3072K, reserved 1048576K
}
Event: 1.018 GC heap after
{Heap after GC invocations=8 (full 0):
 garbage-first heap   total 466944K, used 52720K [0x0000000502800000, 0x0000000800000000)
  region size 8192K, 2 young (16384K), 2 survivors (16384K)
 Metaspace       used 19715K, committed 20544K, reserved 1114112K
  class space    used 2694K, committed 3072K, reserved 1048576K
}

